00:00:00 SnakeSolver - Inside get(Board board)
00:00:00 SnakeSolver - The board:
Board:
☼☼☼☼☼☼☼☼☼☼☼☼☼☼☼
☼             ☼
☼          ☻  ☼
☼             ☼
☼             ☼
☼             ☼
☼             ☼
☼           ╘╗☼
☼            ▼☼
☼             ☼
☼             ☼
☼     ☺       ☼
☼             ☼
☼             ☼
☼☼☼☼☼☼☼☼☼☼☼☼☼☼☼

Apple at: [[6,3]]
Stones at: [[11,12]]
Head at: [13,6]
Snake at: [[13,6], [12,7], [13,7]]
Current direction: DOWN

00:00:00 SnakeSolver - Inside solve()
00:00:00 SnakeSolver - Solve started: 1669492800955 epoc seconds
00:00:00 SnakeSolver - Inside getDirToPoint():
00:00:00 SnakeSolver - Going for apple..
00:00:00 SnakeSolver - Final Direction found returned: DOWN
00:00:00 SnakeSolver - Solve Finished. Time it took:  0.00000 seconds
00:00:00 SnakeSolver - Leaving solve()...
00:00:01 SnakeSolver - Inside get(Board board)
00:00:01 SnakeSolver - The board:
Board:
☼☼☼☼☼☼☼☼☼☼☼☼☼☼☼
☼             ☼
☼          ☻  ☼
☼             ☼
☼             ☼
☼             ☼
☼             ☼
☼            ╓☼
☼            ║☼
☼            ▼☼
☼             ☼
☼     ☺       ☼
☼             ☼
☼             ☼
☼☼☼☼☼☼☼☼☼☼☼☼☼☼☼

Apple at: [[6,3]]
Stones at: [[11,12]]
Head at: [13,5]
Snake at: [[13,5], [13,6], [13,7]]
Current direction: DOWN

00:00:01 SnakeSolver - No value present
00:00:01 SnakeSolver - Exception thrown in get(). RIGHT Dir. returned.
00:00:01 SnakeSolver - Time it took:  0.00000 seconds
00:00:01 SnakeSolver - Leaving get(Board board)
00:00:02 SnakeSolver - Inside get(Board board)
00:00:02 SnakeSolver - The board:
Board:
☼☼☼☼☼☼☼☼☼☼☼☼☼☼☼
☼             ☼
☼          ☻  ☼
☼             ☼
☼             ☼
☼             ☼
☼             ☼
☼             ☼
☼            ╓☼
☼            ╚☼
☼             ☼
☼     ☺       ☼
☼             ☼
☼             ☼
☼☼☼☼☼☼☼☼☼☼☼☼☼☼☼

Apple at: [[6,3]]
Stones at: [[11,12]]
Head at: null
Snake at: []
Current direction: null

00:00:02 SnakeSolver - No value present
00:00:02 SnakeSolver - Exception thrown in get(). RIGHT Dir. returned.
00:00:02 SnakeSolver - Time it took:  0.00000 seconds
00:00:02 SnakeSolver - Leaving get(Board board)
00:00:03 SnakeSolver - Inside get(Board board)
00:00:03 SnakeSolver - The board:
Board:
☼☼☼☼☼☼☼☼☼☼☼☼☼☼☼
☼             ☼
☼             ☼
☼             ☼
☼             ☼
☼        ☺    ☼
☼       ☻     ☼
☼      ╘►     ☼
☼             ☼
☼             ☼
☼             ☼
☼             ☼
☼             ☼
☼             ☼
☼☼☼☼☼☼☼☼☼☼☼☼☼☼☼

Apple at: [[9,9]]
Stones at: [[8,8]]
Head at: [8,7]
Snake at: [[8,7], [7,7]]
Current direction: RIGHT

00:00:03 SnakeSolver - Inside solve()
00:00:03 SnakeSolver - Solve started: 1669492803935 epoc seconds
00:00:03 SnakeSolver - Inside getDirToPoint():
00:00:03 SnakeSolver - Going for apple..
00:00:03 SnakeSolver - Final Direction found returned: RIGHT
00:00:03 SnakeSolver - Solve Finished. Time it took:  0.01600 seconds
00:00:03 SnakeSolver - Leaving solve()...
00:00:04 SnakeSolver - Inside get(Board board)
00:00:04 SnakeSolver - The board:
Board:
☼☼☼☼☼☼☼☼☼☼☼☼☼☼☼
☼             ☼
☼             ☼
☼             ☼
☼             ☼
☼        ☺    ☼
☼       ☻     ☼
☼       ╘►    ☼
☼             ☼
☼             ☼
☼             ☼
☼             ☼
☼             ☼
☼             ☼
☼☼☼☼☼☼☼☼☼☼☼☼☼☼☼

Apple at: [[9,9]]
Stones at: [[8,8]]
Head at: [9,7]
Snake at: [[9,7], [8,7]]
Current direction: RIGHT

00:00:04 SnakeSolver - Inside solve()
00:00:04 SnakeSolver - Solve started: 1669492804945 epoc seconds
00:00:04 SnakeSolver - Inside getDirToPoint():
00:00:04 SnakeSolver - Going for apple..
00:00:04 SnakeSolver - Final Direction found returned: UP
00:00:04 SnakeSolver - Solve Finished. Time it took:  0.00000 seconds
00:00:04 SnakeSolver - Leaving solve()...
00:00:05 SnakeSolver - Inside get(Board board)
00:00:05 SnakeSolver - The board:
Board:
☼☼☼☼☼☼☼☼☼☼☼☼☼☼☼
☼             ☼
☼             ☼
☼             ☼
☼             ☼
☼        ☺    ☼
☼       ☻▲    ☼
☼        ╙    ☼
☼             ☼
☼             ☼
☼             ☼
☼             ☼
☼             ☼
☼             ☼
☼☼☼☼☼☼☼☼☼☼☼☼☼☼☼

Apple at: [[9,9]]
Stones at: [[8,8]]
Head at: [9,8]
Snake at: [[9,8], [9,7]]
Current direction: UP

00:00:05 SnakeSolver - No value present
00:00:05 SnakeSolver - Exception thrown in get(). RIGHT Dir. returned.
00:00:05 SnakeSolver - Time it took:  0.00000 seconds
00:00:05 SnakeSolver - Leaving get(Board board)
00:00:06 SnakeSolver - Inside get(Board board)
00:00:06 SnakeSolver - The board:
Board:
☼☼☼☼☼☼☼☼☼☼☼☼☼☼☼
☼             ☼
☼             ☼
☼             ☼
☼             ☼
☼        ☺    ☼
☼       ☻╘►   ☼
☼             ☼
☼             ☼
☼             ☼
☼             ☼
☼             ☼
☼             ☼
☼             ☼
☼☼☼☼☼☼☼☼☼☼☼☼☼☼☼

Apple at: [[9,9]]
Stones at: [[8,8]]
Head at: [10,8]
Snake at: [[10,8], [9,8]]
Current direction: RIGHT

00:00:06 SnakeSolver - Inside solve()
00:00:06 SnakeSolver - Solve started: 1669492806934 epoc seconds
00:00:06 SnakeSolver - Inside getDirToPoint():
00:00:06 SnakeSolver - Going for apple..
00:00:06 SnakeSolver - Final Direction found returned: UP
00:00:06 SnakeSolver - Solve Finished. Time it took:  0.01600 seconds
00:00:06 SnakeSolver - Leaving solve()...
00:00:07 SnakeSolver - Inside get(Board board)
00:00:07 SnakeSolver - The board:
Board:
☼☼☼☼☼☼☼☼☼☼☼☼☼☼☼
☼             ☼
☼             ☼
☼             ☼
☼             ☼
☼        ☺▲   ☼
☼       ☻ ╙   ☼
☼             ☼
☼             ☼
☼             ☼
☼             ☼
☼             ☼
☼             ☼
☼             ☼
☼☼☼☼☼☼☼☼☼☼☼☼☼☼☼

Apple at: [[9,9]]
Stones at: [[8,8]]
Head at: [10,9]
Snake at: [[10,9], [10,8]]
Current direction: UP

00:00:07 SnakeSolver - No value present
00:00:07 SnakeSolver - Exception thrown in get(). RIGHT Dir. returned.
00:00:07 SnakeSolver - Time it took:  0.00000 seconds
00:00:07 SnakeSolver - Leaving get(Board board)
00:00:08 SnakeSolver - Inside get(Board board)
00:00:08 SnakeSolver - The board:
Board:
☼☼☼☼☼☼☼☼☼☼☼☼☼☼☼
☼             ☼
☼             ☼
☼             ☼
☼             ☼
☼        ☺╘►  ☼
☼       ☻     ☼
☼             ☼
☼             ☼
☼             ☼
☼             ☼
☼             ☼
☼             ☼
☼             ☼
☼☼☼☼☼☼☼☼☼☼☼☼☼☼☼

Apple at: [[9,9]]
Stones at: [[8,8]]
Head at: [11,9]
Snake at: [[11,9], [10,9]]
Current direction: RIGHT

00:00:08 SnakeSolver - Inside solve()
00:00:08 SnakeSolver - Solve started: 1669492808937 epoc seconds
00:00:08 SnakeSolver - Inside getDirToPoint():
00:00:08 SnakeSolver - Going for apple..
00:00:08 SnakeSolver - Final Direction found returned: UP
00:00:08 SnakeSolver - Solve Finished. Time it took:  0.00000 seconds
00:00:08 SnakeSolver - Leaving solve()...
00:00:09 SnakeSolver - Inside get(Board board)
00:00:09 SnakeSolver - The board:
Board:
☼☼☼☼☼☼☼☼☼☼☼☼☼☼☼
☼             ☼
☼             ☼
☼             ☼
☼          ▲  ☼
☼        ☺ ╙  ☼
☼       ☻     ☼
☼             ☼
☼             ☼
☼             ☼
☼             ☼
☼             ☼
☼             ☼
☼             ☼
☼☼☼☼☼☼☼☼☼☼☼☼☼☼☼

Apple at: [[9,9]]
Stones at: [[8,8]]
Head at: [11,10]
Snake at: [[11,10], [11,9]]
Current direction: UP

00:00:09 SnakeSolver - No value present
00:00:09 SnakeSolver - Exception thrown in get(). RIGHT Dir. returned.
00:00:09 SnakeSolver - Time it took:  0.00000 seconds
00:00:09 SnakeSolver - Leaving get(Board board)
00:00:10 SnakeSolver - Inside get(Board board)
00:00:10 SnakeSolver - The board:
Board:
☼☼☼☼☼☼☼☼☼☼☼☼☼☼☼
☼             ☼
☼             ☼
☼             ☼
☼          ╘► ☼
☼        ☺    ☼
☼       ☻     ☼
☼             ☼
☼             ☼
☼             ☼
☼             ☼
☼             ☼
☼             ☼
☼             ☼
☼☼☼☼☼☼☼☼☼☼☼☼☼☼☼

Apple at: [[9,9]]
Stones at: [[8,8]]
Head at: [12,10]
Snake at: [[12,10], [11,10]]
Current direction: RIGHT

00:00:10 SnakeSolver - Inside solve()
00:00:10 SnakeSolver - Solve started: 1669492810938 epoc seconds
00:00:10 SnakeSolver - Inside getDirToPoint():
00:00:10 SnakeSolver - Going for apple..
00:00:10 SnakeSolver - Final Direction found returned: DOWN
00:00:10 SnakeSolver - Solve Finished. Time it took:  0.00000 seconds
00:00:10 SnakeSolver - Leaving solve()...
00:00:11 SnakeSolver - Inside get(Board board)
00:00:11 SnakeSolver - The board:
Board:
☼☼☼☼☼☼☼☼☼☼☼☼☼☼☼
☼             ☼
☼             ☼
☼             ☼
☼           ╓ ☼
☼        ☺  ▼ ☼
☼       ☻     ☼
☼             ☼
☼             ☼
☼             ☼
☼             ☼
☼             ☼
☼             ☼
☼             ☼
☼☼☼☼☼☼☼☼☼☼☼☼☼☼☼

Apple at: [[9,9]]
Stones at: [[8,8]]
Head at: [12,9]
Snake at: [[12,9], [12,10]]
Current direction: DOWN

00:00:11 SnakeSolver - No value present
00:00:11 SnakeSolver - Exception thrown in get(). RIGHT Dir. returned.
00:00:11 SnakeSolver - Time it took:  0.00000 seconds
00:00:11 SnakeSolver - Leaving get(Board board)
00:00:12 SnakeSolver - Inside get(Board board)
00:00:12 SnakeSolver - The board:
Board:
☼☼☼☼☼☼☼☼☼☼☼☼☼☼☼
☼             ☼
☼             ☼
☼             ☼
☼             ☼
☼        ☺  ╘►☼
☼       ☻     ☼
☼             ☼
☼             ☼
☼             ☼
☼             ☼
☼             ☼
☼             ☼
☼             ☼
☼☼☼☼☼☼☼☼☼☼☼☼☼☼☼

Apple at: [[9,9]]
Stones at: [[8,8]]
Head at: [13,9]
Snake at: [[13,9], [12,9]]
Current direction: RIGHT

00:00:12 SnakeSolver - Inside solve()
00:00:12 SnakeSolver - Solve started: 1669492812933 epoc seconds
00:00:12 SnakeSolver - Inside getDirToPoint():
00:00:12 SnakeSolver - Going for apple..
00:00:12 SnakeSolver - Final Direction found returned: UP
00:00:12 SnakeSolver - Solve Finished. Time it took:  0.00000 seconds
00:00:12 SnakeSolver - Leaving solve()...
00:00:13 SnakeSolver - Inside get(Board board)
00:00:13 SnakeSolver - The board:
Board:
☼☼☼☼☼☼☼☼☼☼☼☼☼☼☼
☼             ☼
☼             ☼
☼             ☼
☼            ▲☼
☼        ☺   ╙☼
☼       ☻     ☼
☼             ☼
☼             ☼
☼             ☼
☼             ☼
☼             ☼
☼             ☼
☼             ☼
☼☼☼☼☼☼☼☼☼☼☼☼☼☼☼

Apple at: [[9,9]]
Stones at: [[8,8]]
Head at: [13,10]
Snake at: [[13,10], [13,9]]
Current direction: UP

00:00:13 SnakeSolver - No value present
00:00:13 SnakeSolver - Exception thrown in get(). RIGHT Dir. returned.
00:00:13 SnakeSolver - Time it took:  0.00000 seconds
00:00:13 SnakeSolver - Leaving get(Board board)
00:00:14 SnakeSolver - Inside get(Board board)
00:00:14 SnakeSolver - The board:
Board:
☼☼☼☼☼☼☼☼☼☼☼☼☼☼☼
☼             ☼
☼             ☼
☼             ☼
☼            ╘☼
☼        ☺    ☼
☼       ☻     ☼
☼             ☼
☼             ☼
☼             ☼
☼             ☼
☼             ☼
☼             ☼
☼             ☼
☼☼☼☼☼☼☼☼☼☼☼☼☼☼☼

Apple at: [[9,9]]
Stones at: [[8,8]]
Head at: null
Snake at: []
Current direction: null

00:00:14 SnakeSolver - No value present
00:00:14 SnakeSolver - Exception thrown in get(). RIGHT Dir. returned.
00:00:14 SnakeSolver - Time it took:  0.00000 seconds
00:00:14 SnakeSolver - Leaving get(Board board)
00:00:15 SnakeSolver - Inside get(Board board)
00:00:15 SnakeSolver - The board:
Board:
☼☼☼☼☼☼☼☼☼☼☼☼☼☼☼
☼             ☼
☼ ☺           ☼
☼             ☼
☼             ☼
☼ ☻           ☼
☼             ☼
☼      ╘►     ☼
☼             ☼
☼             ☼
☼             ☼
☼             ☼
☼             ☼
☼             ☼
☼☼☼☼☼☼☼☼☼☼☼☼☼☼☼

Apple at: [[2,12]]
Stones at: [[2,9]]
Head at: [8,7]
Snake at: [[8,7], [7,7]]
Current direction: RIGHT

00:00:15 SnakeSolver - Inside solve()
00:00:15 SnakeSolver - Solve started: 1669492815926 epoc seconds
00:00:15 SnakeSolver - Inside getDirToPoint():
00:00:15 SnakeSolver - Going for apple..
00:00:15 SnakeSolver - Final Direction found returned: UP
00:00:15 SnakeSolver - Solve Finished. Time it took:  0.01600 seconds
00:00:15 SnakeSolver - Leaving solve()...
00:00:16 SnakeSolver - Inside get(Board board)
00:00:16 SnakeSolver - The board:
Board:
☼☼☼☼☼☼☼☼☼☼☼☼☼☼☼
☼             ☼
☼ ☺           ☼
☼             ☼
☼             ☼
☼ ☻           ☼
☼       ▲     ☼
☼       ╙     ☼
☼             ☼
☼             ☼
☼             ☼
☼             ☼
☼             ☼
☼             ☼
☼☼☼☼☼☼☼☼☼☼☼☼☼☼☼

Apple at: [[2,12]]
Stones at: [[2,9]]
Head at: [8,8]
Snake at: [[8,8], [8,7]]
Current direction: UP

00:00:16 SnakeSolver - No value present
00:00:16 SnakeSolver - Exception thrown in get(). RIGHT Dir. returned.
00:00:16 SnakeSolver - Time it took:  0.00000 seconds
00:00:16 SnakeSolver - Leaving get(Board board)
00:00:17 SnakeSolver - Inside get(Board board)
00:00:17 SnakeSolver - The board:
Board:
☼☼☼☼☼☼☼☼☼☼☼☼☼☼☼
☼             ☼
☼ ☺           ☼
☼             ☼
☼             ☼
☼ ☻           ☼
☼       ╘►    ☼
☼             ☼
☼             ☼
☼             ☼
☼             ☼
☼             ☼
☼             ☼
☼             ☼
☼☼☼☼☼☼☼☼☼☼☼☼☼☼☼

Apple at: [[2,12]]
Stones at: [[2,9]]
Head at: [9,8]
Snake at: [[9,8], [8,8]]
Current direction: RIGHT

00:00:17 SnakeSolver - Inside solve()
00:00:17 SnakeSolver - Solve started: 1669492817936 epoc seconds
00:00:17 SnakeSolver - Inside getDirToPoint():
00:00:17 SnakeSolver - Going for apple..
00:00:17 SnakeSolver - Final Direction found returned: UP
00:00:17 SnakeSolver - Solve Finished. Time it took:  0.01600 seconds
00:00:17 SnakeSolver - Leaving solve()...
00:00:18 SnakeSolver - Inside get(Board board)
00:00:18 SnakeSolver - The board:
Board:
☼☼☼☼☼☼☼☼☼☼☼☼☼☼☼
☼             ☼
☼ ☺           ☼
☼             ☼
☼             ☼
☼ ☻      ▲    ☼
☼        ╙    ☼
☼             ☼
☼             ☼
☼             ☼
☼             ☼
☼             ☼
☼             ☼
☼             ☼
☼☼☼☼☼☼☼☼☼☼☼☼☼☼☼

Apple at: [[2,12]]
Stones at: [[2,9]]
Head at: [9,9]
Snake at: [[9,9], [9,8]]
Current direction: UP

00:00:18 SnakeSolver - No value present
00:00:18 SnakeSolver - Exception thrown in get(). RIGHT Dir. returned.
00:00:18 SnakeSolver - Time it took:  0.00000 seconds
00:00:18 SnakeSolver - Leaving get(Board board)
00:00:19 SnakeSolver - Inside get(Board board)
00:00:19 SnakeSolver - The board:
Board:
☼☼☼☼☼☼☼☼☼☼☼☼☼☼☼
☼             ☼
☼ ☺           ☼
☼             ☼
☼             ☼
☼ ☻      ╘►   ☼
☼             ☼
☼             ☼
☼             ☼
☼             ☼
☼             ☼
☼             ☼
☼             ☼
☼             ☼
☼☼☼☼☼☼☼☼☼☼☼☼☼☼☼

Apple at: [[2,12]]
Stones at: [[2,9]]
Head at: [10,9]
Snake at: [[10,9], [9,9]]
Current direction: RIGHT

00:00:19 SnakeSolver - Inside solve()
00:00:19 SnakeSolver - Solve started: 1669492819931 epoc seconds
00:00:19 SnakeSolver - Inside getDirToPoint():
00:00:19 SnakeSolver - Going for apple..
00:00:19 SnakeSolver - Final Direction found returned: UP
00:00:19 SnakeSolver - Solve Finished. Time it took:  0.00000 seconds
00:00:19 SnakeSolver - Leaving solve()...
00:00:20 SnakeSolver - Inside get(Board board)
00:00:20 SnakeSolver - The board:
Board:
☼☼☼☼☼☼☼☼☼☼☼☼☼☼☼
☼             ☼
☼ ☺           ☼
☼             ☼
☼         ▲   ☼
☼ ☻       ╙   ☼
☼             ☼
☼             ☼
☼             ☼
☼             ☼
☼             ☼
☼             ☼
☼             ☼
☼             ☼
☼☼☼☼☼☼☼☼☼☼☼☼☼☼☼

Apple at: [[2,12]]
Stones at: [[2,9]]
Head at: [10,10]
Snake at: [[10,10], [10,9]]
Current direction: UP

00:00:20 SnakeSolver - No value present
00:00:20 SnakeSolver - Exception thrown in get(). RIGHT Dir. returned.
00:00:20 SnakeSolver - Time it took:  0.00000 seconds
00:00:20 SnakeSolver - Leaving get(Board board)
00:00:21 SnakeSolver - Inside get(Board board)
00:00:21 SnakeSolver - The board:
Board:
☼☼☼☼☼☼☼☼☼☼☼☼☼☼☼
☼             ☼
☼ ☺           ☼
☼             ☼
☼         ╘►  ☼
☼ ☻           ☼
☼             ☼
☼             ☼
☼             ☼
☼             ☼
☼             ☼
☼             ☼
☼             ☼
☼             ☼
☼☼☼☼☼☼☼☼☼☼☼☼☼☼☼

Apple at: [[2,12]]
Stones at: [[2,9]]
Head at: [11,10]
Snake at: [[11,10], [10,10]]
Current direction: RIGHT

00:00:21 SnakeSolver - Inside solve()
00:00:21 SnakeSolver - Solve started: 1669492821934 epoc seconds
00:00:21 SnakeSolver - Inside getDirToPoint():
00:00:21 SnakeSolver - Going for apple..
00:00:21 SnakeSolver - Final Direction found returned: UP
00:00:21 SnakeSolver - Solve Finished. Time it took:  0.00000 seconds
00:00:21 SnakeSolver - Leaving solve()...
00:00:22 SnakeSolver - Inside get(Board board)
00:00:22 SnakeSolver - The board:
Board:
☼☼☼☼☼☼☼☼☼☼☼☼☼☼☼
☼             ☼
☼ ☺           ☼
☼          ▲  ☼
☼          ╙  ☼
☼ ☻           ☼
☼             ☼
☼             ☼
☼             ☼
☼             ☼
☼             ☼
☼             ☼
☼             ☼
☼             ☼
☼☼☼☼☼☼☼☼☼☼☼☼☼☼☼

Apple at: [[2,12]]
Stones at: [[2,9]]
Head at: [11,11]
Snake at: [[11,11], [11,10]]
Current direction: UP

00:00:22 SnakeSolver - No value present
00:00:22 SnakeSolver - Exception thrown in get(). RIGHT Dir. returned.
00:00:22 SnakeSolver - Time it took:  0.00100 seconds
00:00:22 SnakeSolver - Leaving get(Board board)
00:00:23 SnakeSolver - Inside get(Board board)
00:00:23 SnakeSolver - The board:
Board:
☼☼☼☼☼☼☼☼☼☼☼☼☼☼☼
☼             ☼
☼ ☺           ☼
☼          ╘► ☼
☼             ☼
☼ ☻           ☼
☼             ☼
☼             ☼
☼             ☼
☼             ☼
☼             ☼
☼             ☼
☼             ☼
☼             ☼
☼☼☼☼☼☼☼☼☼☼☼☼☼☼☼

Apple at: [[2,12]]
Stones at: [[2,9]]
Head at: [12,11]
Snake at: [[12,11], [11,11]]
Current direction: RIGHT

00:00:23 SnakeSolver - Inside solve()
00:00:23 SnakeSolver - Solve started: 1669492823933 epoc seconds
00:00:23 SnakeSolver - Inside getDirToPoint():
00:00:23 SnakeSolver - Going for apple..
00:00:23 SnakeSolver - Final Direction found returned: UP
00:00:23 SnakeSolver - Solve Finished. Time it took:  0.00000 seconds
00:00:23 SnakeSolver - Leaving solve()...
00:00:24 SnakeSolver - Inside get(Board board)
00:00:24 SnakeSolver - The board:
Board:
☼☼☼☼☼☼☼☼☼☼☼☼☼☼☼
☼             ☼
☼ ☺         ▲ ☼
☼           ╙ ☼
☼             ☼
☼ ☻           ☼
☼             ☼
☼             ☼
☼             ☼
☼             ☼
☼             ☼
☼             ☼
☼             ☼
☼             ☼
☼☼☼☼☼☼☼☼☼☼☼☼☼☼☼

Apple at: [[2,12]]
Stones at: [[2,9]]
Head at: [12,12]
Snake at: [[12,12], [12,11]]
Current direction: UP

00:00:24 SnakeSolver - No value present
00:00:24 SnakeSolver - Exception thrown in get(). RIGHT Dir. returned.
00:00:24 SnakeSolver - Time it took:  0.00000 seconds
00:00:24 SnakeSolver - Leaving get(Board board)
00:00:25 SnakeSolver - Inside get(Board board)
00:00:25 SnakeSolver - The board:
Board:
☼☼☼☼☼☼☼☼☼☼☼☼☼☼☼
☼             ☼
☼ ☺         ╘►☼
☼             ☼
☼             ☼
☼ ☻           ☼
☼             ☼
☼             ☼
☼             ☼
☼             ☼
☼             ☼
☼             ☼
☼             ☼
☼             ☼
☼☼☼☼☼☼☼☼☼☼☼☼☼☼☼

Apple at: [[2,12]]
Stones at: [[2,9]]
Head at: [13,12]
Snake at: [[13,12], [12,12]]
Current direction: RIGHT

00:00:25 SnakeSolver - Inside solve()
00:00:25 SnakeSolver - Solve started: 1669492825942 epoc seconds
00:00:25 SnakeSolver - Inside getDirToPoint():
00:00:25 SnakeSolver - Going for apple..
00:00:25 SnakeSolver - Final Direction found returned: UP
00:00:25 SnakeSolver - Solve Finished. Time it took:  0.00000 seconds
00:00:25 SnakeSolver - Leaving solve()...
00:00:26 SnakeSolver - Inside get(Board board)
00:00:26 SnakeSolver - The board:
Board:
☼☼☼☼☼☼☼☼☼☼☼☼☼☼☼
☼            ▲☼
☼ ☺          ╙☼
☼             ☼
☼             ☼
☼ ☻           ☼
☼             ☼
☼             ☼
☼             ☼
☼             ☼
☼             ☼
☼             ☼
☼             ☼
☼             ☼
☼☼☼☼☼☼☼☼☼☼☼☼☼☼☼

Apple at: [[2,12]]
Stones at: [[2,9]]
Head at: [13,13]
Snake at: [[13,13], [13,12]]
Current direction: UP

00:00:26 SnakeSolver - No value present
00:00:26 SnakeSolver - Exception thrown in get(). RIGHT Dir. returned.
00:00:26 SnakeSolver - Time it took:  0.00000 seconds
00:00:26 SnakeSolver - Leaving get(Board board)
00:00:27 SnakeSolver - Inside get(Board board)
00:00:27 SnakeSolver - The board:
Board:
☼☼☼☼☼☼☼☼☼☼☼☼☼☼☼
☼            ╘☼
☼ ☺           ☼
☼             ☼
☼             ☼
☼ ☻           ☼
☼             ☼
☼             ☼
☼             ☼
☼             ☼
☼             ☼
☼             ☼
☼             ☼
☼             ☼
☼☼☼☼☼☼☼☼☼☼☼☼☼☼☼

Apple at: [[2,12]]
Stones at: [[2,9]]
Head at: null
Snake at: []
Current direction: null

00:00:27 SnakeSolver - No value present
00:00:27 SnakeSolver - Exception thrown in get(). RIGHT Dir. returned.
00:00:27 SnakeSolver - Time it took:  0.00000 seconds
00:00:27 SnakeSolver - Leaving get(Board board)
00:00:28 SnakeSolver - Inside get(Board board)
00:00:28 SnakeSolver - The board:
Board:
☼☼☼☼☼☼☼☼☼☼☼☼☼☼☼
☼             ☼
☼             ☼
☼             ☼
☼           ☻ ☼
☼             ☼
☼             ☼
☼      ╘►    ☺☼
☼             ☼
☼             ☼
☼             ☼
☼             ☼
☼             ☼
☼             ☼
☼☼☼☼☼☼☼☼☼☼☼☼☼☼☼

Apple at: [[13,7]]
Stones at: [[12,10]]
Head at: [8,7]
Snake at: [[8,7], [7,7]]
Current direction: RIGHT

00:00:28 SnakeSolver - Inside solve()
00:00:28 SnakeSolver - Solve started: 1669492828935 epoc seconds
00:00:28 SnakeSolver - Inside getDirToPoint():
00:00:28 SnakeSolver - Going for apple..
00:00:28 SnakeSolver - Final Direction found returned: RIGHT
00:00:28 SnakeSolver - Solve Finished. Time it took:  0.00000 seconds
00:00:28 SnakeSolver - Leaving solve()...
